
[2022-10-06 19:22:09,981] [autoreload] [266] [INFO] [/home/michael/Python/project_django_gb/geekb/settings.py changed, reloading.]
[2022-10-06 19:22:14,860] [views] [32] [INFO] [Create paginator]
[2022-10-06 19:32:25,346] [views] [33] [INFO] [Create paginator]
[2022-10-06 19:32:32,485] [views] [33] [INFO] [Create paginator]
[2022-10-06 19:32:33,779] [views] [33] [INFO] [Create paginator]
[2022-10-06 19:33:01,208] [views] [33] [INFO] [Create paginator]
[2022-10-06 19:41:40,875] [views] [33] [INFO] [Create paginator]
[2022-10-07 17:02:49,139] [views] [35] [INFO] [Create paginator]
[2022-10-07 17:03:00,671] [views] [35] [INFO] [Create paginator]
[2022-10-07 17:15:55,261] [views] [35] [INFO] [Create paginator]
[2022-10-07 18:27:42,180] [views] [44] [INFO] [Create paginator]
[2022-10-07 20:48:15,342] [tasks] [13] [INFO] [Send message: '{'user_id': '6', 'message': 'ывафывафыва'}']
[2022-10-07 20:48:15,342] [tasks] [13] [INFO] [Send message: '{'user_id': '9', 'message': 'sdfafdda'}']
[2022-10-07 20:48:15,346] [tasks] [13] [INFO] [Send message: '{'user_id': '6', 'message': 'dsfasdfsa'}']
[2022-10-07 20:48:34,247] [tasks] [13] [INFO] [Send message: '{'user_id': '6', 'message': 'asdfasfas'}']
[2022-10-09 09:51:02,670] [views] [59] [INFO] [Create paginator]
[2022-10-09 09:51:45,820] [views] [59] [INFO] [Create paginator]
[2022-10-09 09:52:00,054] [views] [59] [INFO] [Create paginator]
[2022-10-09 09:52:17,911] [views] [59] [INFO] [Create paginator]
[2022-10-09 09:52:18,013] [views] [59] [INFO] [Create paginator]
[2022-10-09 09:52:48,230] [views] [59] [INFO] [Create paginator]
[2022-10-09 09:52:48,287] [views] [59] [INFO] [Create paginator]
[2022-10-09 09:52:48,305] [views] [59] [INFO] [Create paginator]
[2022-10-09 09:52:48,323] [views] [59] [INFO] [Create paginator]
[2022-10-09 09:52:48,384] [views] [59] [INFO] [Create paginator]
[2022-10-09 09:52:48,407] [views] [59] [INFO] [Create paginator]
[2022-10-09 09:52:48,426] [views] [59] [INFO] [Create paginator]
[2022-10-09 09:52:48,492] [views] [59] [INFO] [Create paginator]
[2022-10-09 09:52:48,541] [views] [59] [INFO] [Create paginator]
[2022-10-09 09:52:48,560] [views] [59] [INFO] [Create paginator]
[2022-10-09 09:52:48,629] [views] [59] [INFO] [Create paginator]
[2022-10-09 09:52:48,676] [views] [59] [INFO] [Create paginator]
[2022-10-09 09:52:48,698] [views] [59] [INFO] [Create paginator]
[2022-10-09 09:52:48,764] [views] [59] [INFO] [Create paginator]
[2022-10-09 09:52:48,801] [views] [59] [INFO] [Create paginator]
[2022-10-09 09:52:48,820] [views] [59] [INFO] [Create paginator]
[2022-10-09 09:52:48,880] [views] [59] [INFO] [Create paginator]
[2022-10-09 09:52:48,903] [views] [59] [INFO] [Create paginator]
[2022-10-09 09:52:48,923] [views] [59] [INFO] [Create paginator]
[2022-10-09 09:52:48,988] [views] [59] [INFO] [Create paginator]
[2022-10-09 09:52:49,013] [views] [59] [INFO] [Create paginator]
[2022-10-09 09:52:49,034] [views] [59] [INFO] [Create paginator]
[2022-10-09 09:52:49,053] [views] [59] [INFO] [Create paginator]
[2022-10-09 09:52:49,092] [views] [59] [INFO] [Create paginator]
[2022-10-09 09:52:49,156] [views] [59] [INFO] [Create paginator]
[2022-10-09 09:52:49,179] [views] [59] [INFO] [Create paginator]
[2022-10-09 09:52:49,203] [views] [59] [INFO] [Create paginator]
[2022-10-09 09:52:49,268] [views] [59] [INFO] [Create paginator]
[2022-10-09 09:52:49,293] [views] [59] [INFO] [Create paginator]
[2022-10-09 09:52:49,315] [views] [59] [INFO] [Create paginator]
[2022-10-09 09:52:49,376] [views] [59] [INFO] [Create paginator]
[2022-10-09 09:52:49,398] [views] [59] [INFO] [Create paginator]
[2022-10-09 09:52:49,419] [views] [59] [INFO] [Create paginator]
[2022-10-09 09:52:49,480] [views] [59] [INFO] [Create paginator]
[2022-10-09 09:52:49,503] [views] [59] [INFO] [Create paginator]
[2022-10-09 09:52:49,522] [views] [59] [INFO] [Create paginator]
[2022-10-09 09:52:49,584] [views] [59] [INFO] [Create paginator]
[2022-10-09 09:52:49,611] [views] [59] [INFO] [Create paginator]
[2022-10-09 09:52:49,630] [views] [59] [INFO] [Create paginator]
[2022-10-09 09:52:49,692] [views] [59] [INFO] [Create paginator]
[2022-10-09 09:52:49,716] [views] [59] [INFO] [Create paginator]
[2022-10-09 09:52:52,419] [views] [59] [INFO] [Create paginator]
[2022-10-09 09:52:52,471] [views] [59] [INFO] [Create paginator]
[2022-10-09 09:52:52,491] [views] [59] [INFO] [Create paginator]
[2022-10-09 09:52:52,509] [views] [59] [INFO] [Create paginator]
[2022-10-09 09:52:52,572] [views] [59] [INFO] [Create paginator]
[2022-10-09 09:52:52,603] [views] [59] [INFO] [Create paginator]
[2022-10-09 09:52:52,630] [views] [59] [INFO] [Create paginator]
[2022-10-09 09:52:52,656] [views] [59] [INFO] [Create paginator]
[2022-10-09 09:52:52,676] [views] [59] [INFO] [Create paginator]
[2022-10-09 09:52:52,740] [views] [59] [INFO] [Create paginator]
[2022-10-09 09:52:52,769] [views] [59] [INFO] [Create paginator]
[2022-10-09 09:52:52,800] [views] [59] [INFO] [Create paginator]
[2022-10-09 09:52:52,873] [views] [59] [INFO] [Create paginator]
[2022-10-09 09:52:52,912] [views] [59] [INFO] [Create paginator]
[2022-10-09 09:52:52,931] [views] [59] [INFO] [Create paginator]
[2022-10-09 09:52:52,949] [views] [59] [INFO] [Create paginator]
[2022-10-09 09:52:52,967] [views] [59] [INFO] [Create paginator]
[2022-10-09 09:52:53,032] [views] [59] [INFO] [Create paginator]
[2022-10-09 09:52:53,055] [views] [59] [INFO] [Create paginator]
[2022-10-09 09:52:53,081] [views] [59] [INFO] [Create paginator]
[2022-10-09 09:52:53,106] [views] [59] [INFO] [Create paginator]
[2022-10-09 09:53:15,961] [views] [59] [INFO] [Create paginator]
[2022-10-09 09:53:16,087] [views] [59] [INFO] [Create paginator]
[2022-10-09 13:09:25,486] [views] [59] [INFO] [Create paginator]
[2022-10-09 13:09:27,283] [views] [59] [INFO] [Create paginator]
[2022-10-09 13:09:28,322] [views] [59] [INFO] [Create paginator]
[2022-10-09 13:09:29,830] [views] [59] [INFO] [Create paginator]
[2022-10-09 13:57:55,175] [views] [59] [INFO] [Create paginator]
[2022-10-09 14:04:11,328] [views] [59] [INFO] [Create paginator]
[2022-10-09 14:04:39,829] [views] [59] [INFO] [Create paginator]
[2022-10-09 14:04:40,845] [views] [59] [INFO] [Create paginator]
[2022-10-09 14:04:45,071] [views] [59] [INFO] [Create paginator]
[2022-10-09 14:47:18,357] [views] [59] [INFO] [Create paginator]
[2022-10-09 14:47:30,325] [views] [59] [INFO] [Create paginator]
[2022-10-09 14:47:31,998] [views] [59] [INFO] [Create paginator]
[2022-10-09 14:47:33,099] [views] [59] [INFO] [Create paginator]
[2022-10-09 14:47:35,367] [views] [59] [INFO] [Create paginator]
[2022-10-09 14:47:37,393] [views] [59] [INFO] [Create paginator]
[2022-10-09 14:47:40,848] [views] [59] [INFO] [Create paginator]
[2022-10-09 14:47:45,875] [views] [59] [INFO] [Create paginator]
[2022-10-09 14:47:56,955] [views] [59] [INFO] [Create paginator]
[2022-10-11 12:20:15,537] [views] [59] [INFO] [Create paginator]
[2022-10-11 12:27:21,116] [views] [59] [INFO] [Create paginator]
[2022-10-11 12:28:24,350] [views] [59] [INFO] [Create paginator]
[2022-10-11 12:51:53,571] [views] [59] [INFO] [Create paginator]
[2022-10-11 12:52:06,232] [views] [59] [INFO] [Create paginator]
[2022-10-11 12:53:27,472] [views] [59] [INFO] [Create paginator]
[2022-10-11 12:53:34,221] [views] [59] [INFO] [Create paginator]
[2022-10-11 13:24:52,800] [views] [59] [INFO] [Create paginator]
[2022-10-11 13:40:38,750] [views] [59] [INFO] [Create paginator]
[2022-10-11 13:40:48,556] [views] [59] [INFO] [Create paginator]
[2022-10-11 13:40:52,578] [views] [59] [INFO] [Create paginator]
[2022-10-11 13:40:54,264] [views] [59] [INFO] [Create paginator]
[2022-10-11 13:40:54,800] [views] [59] [INFO] [Create paginator]
[2022-10-11 13:40:55,342] [views] [59] [INFO] [Create paginator]
[2022-10-11 13:40:56,079] [views] [59] [INFO] [Create paginator]
[2022-10-11 13:40:56,681] [views] [59] [INFO] [Create paginator]
[2022-10-11 13:40:57,492] [views] [59] [INFO] [Create paginator]
[2022-10-11 13:43:35,182] [views] [59] [INFO] [Create paginator]
[2022-10-11 13:44:01,271] [views] [59] [INFO] [Create paginator]
[2022-10-11 13:46:03,717] [views] [59] [INFO] [Create paginator]
[2022-10-11 13:47:03,091] [views] [59] [INFO] [Create paginator]
[2022-10-11 13:47:19,869] [views] [59] [INFO] [Create paginator]
[2022-10-11 13:48:29,244] [views] [59] [INFO] [Create paginator]
[2022-10-11 13:56:41,993] [views] [59] [INFO] [Create paginator]
[2022-10-11 14:14:56,417] [views] [59] [INFO] [Create paginator]
[2022-10-11 14:15:12,597] [views] [59] [INFO] [Create paginator]
[2022-10-11 14:15:16,992] [views] [59] [INFO] [Create paginator]
[2022-10-11 14:15:19,659] [views] [59] [INFO] [Create paginator]
[2022-10-11 14:15:21,571] [views] [59] [INFO] [Create paginator]
[2022-10-11 14:16:37,619] [views] [59] [INFO] [Create paginator]
[2022-10-11 14:17:39,762] [views] [59] [INFO] [Create paginator]
[2022-10-11 14:17:42,644] [views] [59] [INFO] [Create paginator]
[2022-10-11 14:17:43,644] [views] [59] [INFO] [Create paginator]
[2022-10-11 14:25:38,546] [views] [59] [INFO] [Create paginator]
[2022-10-11 14:26:10,916] [views] [59] [INFO] [Create paginator]
[2022-10-11 14:26:13,222] [views] [59] [INFO] [Create paginator]
[2022-10-11 14:26:16,169] [views] [59] [INFO] [Create paginator]
[2022-10-11 14:26:17,427] [views] [59] [INFO] [Create paginator]
[2022-10-11 14:26:18,865] [views] [59] [INFO] [Create paginator]
[2022-10-11 14:26:21,254] [views] [59] [INFO] [Create paginator]
[2022-10-11 14:27:31,270] [views] [59] [INFO] [Create paginator]
[2022-10-11 14:27:34,901] [views] [59] [INFO] [Create paginator]
[2022-10-11 14:36:54,359] [views] [59] [INFO] [Create paginator]
[2022-10-11 14:39:43,807] [views] [59] [INFO] [Create paginator]
[2022-10-11 14:42:24,750] [views] [59] [INFO] [Create paginator]
[2022-10-11 14:42:43,160] [views] [59] [INFO] [Create paginator]
[2022-10-11 15:25:54,756] [views] [61] [INFO] [Create paginator]
[2022-10-11 15:27:56,575] [views] [61] [INFO] [Create paginator]
[2022-10-11 15:48:05,175] [views] [61] [INFO] [Create paginator]
[2022-10-12 06:58:33,590] [views] [61] [INFO] [Create paginator]
[2022-10-12 07:02:10,805] [views] [61] [INFO] [Create paginator]
[2022-10-12 08:16:27,198] [views] [61] [INFO] [Create paginator]
[2022-10-12 08:28:09,456] [views] [61] [INFO] [Create paginator]
[2022-10-12 08:55:24,911] [views] [61] [INFO] [Create paginator]
[2022-10-12 08:55:48,695] [views] [61] [INFO] [Create paginator]
[2022-10-12 09:06:38,742] [views] [61] [INFO] [Create paginator]
[2022-10-12 09:22:06,094] [views] [61] [INFO] [Create paginator]
[2022-10-12 09:23:41,718] [views] [61] [INFO] [Create paginator]
[2022-10-12 09:23:45,540] [views] [61] [INFO] [Create paginator]
[2022-10-12 09:23:51,580] [views] [61] [INFO] [Create paginator]
[2022-10-12 09:23:53,945] [views] [61] [INFO] [Create paginator]
[2022-10-12 09:25:03,085] [views] [61] [INFO] [Create paginator]
[2022-10-12 09:25:12,852] [views] [61] [INFO] [Create paginator]
[2022-10-12 09:25:14,668] [views] [61] [INFO] [Create paginator]
[2022-10-12 09:55:03,072] [views] [61] [INFO] [Create paginator]
[2022-10-12 09:56:45,945] [views] [61] [INFO] [Create paginator]
[2022-10-12 09:56:52,849] [views] [61] [INFO] [Create paginator]
[2022-10-12 10:03:42,438] [views] [61] [INFO] [Create paginator]
[2022-10-12 10:04:17,208] [views] [61] [INFO] [Create paginator]
[2022-10-12 10:10:24,974] [views] [61] [INFO] [Create paginator]
[2022-10-12 10:12:00,639] [views] [61] [INFO] [Create paginator]
[2022-10-12 10:14:00,159] [views] [61] [INFO] [Create paginator]
[2022-10-12 10:27:43,944] [views] [61] [INFO] [Create paginator]
[2022-10-12 10:28:19,643] [views] [61] [INFO] [Create paginator]
[2022-10-12 10:28:28,984] [views] [61] [INFO] [Create paginator]
[2022-10-12 10:32:52,187] [views] [61] [INFO] [Create paginator]
[2022-10-12 10:38:46,863] [views] [61] [INFO] [Create paginator]
[2022-10-12 10:39:10,275] [views] [61] [INFO] [Create paginator]
[2022-10-12 10:49:20,196] [views] [61] [INFO] [Create paginator]
[2022-10-12 17:37:50,501] [views] [61] [INFO] [Create paginator]
[2022-10-12 17:44:32,690] [views] [61] [INFO] [Create paginator]
[2022-10-12 17:44:34,120] [tasks] [13] [INFO] [Send message: '{'user_id': 1, 'message': 'test_message_text'}']
[2022-10-12 17:54:01,162] [views] [61] [INFO] [Create paginator]
[2022-10-12 17:54:02,595] [tasks] [13] [INFO] [Send message: '{'user_id': 1, 'message': 'test_message_text'}']
[2022-10-12 17:57:45,036] [views] [61] [INFO] [Create paginator]
[2022-10-12 17:57:46,483] [tasks] [13] [INFO] [Send message: '{'user_id': 1, 'message': 'test_message_text'}']
[2022-10-12 18:04:21,311] [views] [61] [INFO] [Create paginator]
[2022-10-12 18:05:14,249] [views] [61] [INFO] [Create paginator]
[2022-10-12 18:05:16,613] [views] [61] [INFO] [Create paginator]
[2022-10-12 18:05:17,662] [views] [61] [INFO] [Create paginator]
[2022-10-12 18:05:18,804] [views] [61] [INFO] [Create paginator]
[2022-10-12 18:14:44,964] [views] [61] [INFO] [Create paginator]
[2022-10-12 18:16:14,078] [views] [61] [INFO] [Create paginator]
[2022-10-12 18:16:40,108] [views] [61] [INFO] [Create paginator]
[2022-10-12 18:16:49,753] [views] [61] [INFO] [Create paginator]
[2022-10-12 18:16:56,845] [views] [61] [INFO] [Create paginator]
[2022-10-12 18:17:01,889] [views] [61] [INFO] [Create paginator]
[2022-10-12 18:17:27,992] [views] [61] [INFO] [Create paginator]
[2022-10-12 18:18:00,488] [views] [61] [INFO] [Create paginator]
[2022-10-13 09:04:41,558] [tasks] [13] [INFO] [Send message: '{'user_id': 1, 'message': 'test_message_text'}']
[2022-10-13 09:05:16,635] [views] [61] [INFO] [Create paginator]
[2022-10-13 09:05:18,051] [tasks] [13] [INFO] [Send message: '{'user_id': 1, 'message': 'test_message_text'}']
[2022-10-13 09:07:31,006] [views] [61] [INFO] [Create paginator]
[2022-10-13 09:07:32,765] [views] [61] [INFO] [Create paginator]
[2022-10-13 09:07:33,245] [views] [61] [INFO] [Create paginator]
[2022-10-13 09:07:36,148] [views] [61] [INFO] [Create paginator]
[2022-10-13 09:07:38,465] [views] [61] [INFO] [Create paginator]
[2022-10-13 09:07:41,956] [views] [61] [INFO] [Create paginator]
[2022-10-13 09:07:46,078] [views] [61] [INFO] [Create paginator]
[2022-10-13 09:07:47,636] [views] [61] [INFO] [Create paginator]
[2022-10-13 09:07:51,451] [views] [61] [INFO] [Create paginator]
[2022-10-13 09:09:47,010] [views] [61] [INFO] [Create paginator]
[2022-10-13 09:09:51,647] [views] [61] [INFO] [Create paginator]
[2022-10-13 09:09:57,422] [views] [61] [INFO] [Create paginator]
[2022-10-13 09:10:01,474] [views] [61] [INFO] [Create paginator]
[2022-10-13 09:10:03,414] [views] [61] [INFO] [Create paginator]
[2022-10-13 09:11:43,693] [views] [61] [INFO] [Create paginator]
[2022-10-13 09:11:46,458] [views] [61] [INFO] [Create paginator]
[2022-10-13 09:11:48,973] [views] [61] [INFO] [Create paginator]
[2022-10-13 09:12:28,299] [views] [61] [INFO] [Create paginator]
[2022-10-13 09:12:32,504] [views] [61] [INFO] [Create paginator]
[2022-10-13 09:16:31,418] [views] [61] [INFO] [Create paginator]
[2022-10-13 09:16:33,402] [views] [61] [INFO] [Create paginator]
[2022-10-13 09:16:35,817] [views] [61] [INFO] [Create paginator]
[2022-10-13 09:16:36,720] [views] [61] [INFO] [Create paginator]
[2022-10-13 09:16:37,279] [views] [61] [INFO] [Create paginator]
[2022-10-13 09:16:39,692] [views] [61] [INFO] [Create paginator]
[2022-10-13 09:17:00,652] [views] [61] [INFO] [Create paginator]
[2022-10-13 09:17:03,127] [views] [61] [INFO] [Create paginator]
[2022-10-13 09:17:03,692] [views] [61] [INFO] [Create paginator]
[2022-10-13 09:17:05,755] [views] [61] [INFO] [Create paginator]
[2022-10-13 09:17:07,190] [views] [61] [INFO] [Create paginator]
[2022-10-13 09:17:07,707] [views] [61] [INFO] [Create paginator]
[2022-10-13 09:17:09,257] [views] [61] [INFO] [Create paginator]
[2022-10-13 09:18:24,026] [views] [61] [INFO] [Create paginator]
[2022-10-13 09:18:24,401] [views] [61] [INFO] [Create paginator]
[2022-10-13 09:18:25,629] [views] [61] [INFO] [Create paginator]
[2022-10-13 09:18:26,405] [views] [61] [INFO] [Create paginator]
[2022-10-13 09:18:27,711] [views] [61] [INFO] [Create paginator]
[2022-10-13 09:18:28,099] [views] [61] [INFO] [Create paginator]
[2022-10-13 09:18:29,048] [views] [61] [INFO] [Create paginator]
[2022-10-13 09:18:30,043] [views] [61] [INFO] [Create paginator]
[2022-10-13 09:18:31,152] [views] [61] [INFO] [Create paginator]
[2022-10-13 09:18:31,840] [views] [61] [INFO] [Create paginator]
[2022-10-13 09:18:41,995] [views] [61] [INFO] [Create paginator]
[2022-10-13 09:18:43,393] [views] [61] [INFO] [Create paginator]
[2022-10-13 09:18:44,850] [views] [61] [INFO] [Create paginator]
[2022-10-13 09:18:45,853] [views] [61] [INFO] [Create paginator]
[2022-10-13 09:18:47,155] [views] [61] [INFO] [Create paginator]
[2022-10-13 09:18:48,426] [views] [61] [INFO] [Create paginator]
[2022-10-13 09:18:56,540] [views] [61] [INFO] [Create paginator]
[2022-10-13 09:18:58,038] [views] [61] [INFO] [Create paginator]
[2022-10-13 09:19:01,103] [views] [61] [INFO] [Create paginator]
[2022-10-13 09:19:15,224] [views] [61] [INFO] [Create paginator]
[2022-10-13 09:19:16,644] [tasks] [13] [INFO] [Send message: '{'user_id': 1, 'message': 'test_message_text'}']
[2022-10-13 09:19:54,294] [views] [61] [INFO] [Create paginator]
[2022-10-13 09:20:49,708] [views] [61] [INFO] [Create paginator]
[2022-10-13 09:21:04,028] [views] [61] [INFO] [Create paginator]
[2022-10-13 09:21:20,494] [views] [61] [INFO] [Create paginator]
[2022-10-13 09:21:31,383] [views] [61] [INFO] [Create paginator]
[2022-10-13 09:21:44,363] [views] [61] [INFO] [Create paginator]
[2022-10-13 09:22:10,801] [views] [61] [INFO] [Create paginator]
[2022-10-13 09:22:23,063] [views] [61] [INFO] [Create paginator]
[2022-10-13 09:22:31,116] [views] [61] [INFO] [Create paginator]
[2022-10-13 09:22:49,320] [views] [61] [INFO] [Create paginator]
[2022-10-13 09:30:17,900] [views] [61] [INFO] [Create paginator]
[2022-10-13 09:31:16,812] [views] [61] [INFO] [Create paginator]
[2022-10-13 09:36:10,612] [views] [62] [INFO] [Create paginator]
[2022-10-13 09:36:15,689] [views] [62] [INFO] [Create paginator]
[2022-10-13 09:36:57,945] [views] [62] [INFO] [Create paginator]
[2022-10-13 09:37:40,721] [views] [62] [INFO] [Create paginator]
[2022-10-13 09:38:22,161] [views] [62] [INFO] [Create paginator]
[2022-10-13 09:39:53,477] [views] [62] [INFO] [Create paginator]
[2022-10-13 10:11:14,766] [views] [62] [INFO] [Create paginator]
[2022-10-13 10:12:26,119] [views] [62] [INFO] [Create paginator]
[2022-10-13 10:12:53,362] [views] [62] [INFO] [Create paginator]
[2022-10-13 10:13:09,095] [views] [62] [INFO] [Create paginator]
[2022-10-13 10:13:40,848] [views] [62] [INFO] [Create paginator]
[2022-10-13 10:13:55,755] [views] [62] [INFO] [Create paginator]
[2022-10-13 10:14:41,118] [views] [62] [INFO] [Create paginator]
[2022-10-13 10:16:16,405] [views] [62] [INFO] [Create paginator]
[2022-10-13 10:18:33,645] [views] [62] [INFO] [Create paginator]
[2022-10-13 10:18:55,170] [views] [62] [INFO] [Create paginator]
[2022-10-13 10:19:19,501] [views] [62] [INFO] [Create paginator]
[2022-10-13 10:19:31,317] [views] [62] [INFO] [Create paginator]
[2022-10-13 10:19:45,619] [views] [62] [INFO] [Create paginator]
[2022-10-13 10:19:47,060] [tasks] [13] [INFO] [Send message: '{'user_id': 1, 'message': 'test_message_text'}']
[2022-10-13 10:24:00,382] [views] [62] [INFO] [Create paginator]
[2022-10-13 10:24:01,810] [tasks] [13] [INFO] [Send message: '{'user_id': 1, 'message': 'test_message_text'}']
[2022-10-13 10:24:20,384] [views] [62] [INFO] [Create paginator]
[2022-10-13 10:24:21,816] [tasks] [13] [INFO] [Send message: '{'user_id': 1, 'message': 'test_message_text'}']
[2022-10-13 10:37:25,929] [views] [62] [INFO] [Create paginator]
[2022-10-13 10:37:27,281] [tasks] [13] [INFO] [Send message: '{'user_id': 3, 'message': 'test_message_text'}']
[2022-10-13 10:40:53,952] [views] [62] [INFO] [Create paginator]
[2022-10-13 10:40:55,204] [tasks] [13] [INFO] [Send message: '{'user_id': 1, 'message': 'test_message_text'}']
[2022-10-13 10:44:21,854] [views] [62] [INFO] [Create paginator]
[2022-10-13 10:44:23,104] [tasks] [13] [INFO] [Send message: '{'user_id': 1, 'message': 'test_message_text'}']
[2022-10-13 10:46:39,530] [views] [62] [INFO] [Create paginator]
[2022-10-13 10:46:40,775] [tasks] [13] [INFO] [Send message: '{'user_id': 1, 'message': 'test_message_text'}']
[2022-10-13 10:54:00,952] [views] [62] [INFO] [Create paginator]
[2022-10-13 10:54:02,205] [tasks] [13] [INFO] [Send message: '{'user_id': 1, 'message': 'test_message_text'}']
[2022-10-13 10:54:15,526] [views] [62] [INFO] [Create paginator]
[2022-10-13 10:54:16,860] [tasks] [13] [INFO] [Send message: '{'user_id': 1, 'message': 'test_message_text'}']
[2022-10-13 10:55:23,850] [views] [62] [INFO] [Create paginator]
[2022-10-13 10:55:35,553] [tasks] [13] [INFO] [Send message: '{'user_id': 1, 'message': 'test_message_text'}']
[2022-10-13 10:57:06,027] [views] [62] [INFO] [Create paginator]
[2022-10-13 10:57:13,625] [tasks] [13] [INFO] [Send message: '{'user_id': 1, 'message': 'test_message_text'}']
[2022-10-14 07:04:44,918] [views] [62] [INFO] [Create paginator]
[2022-10-14 07:05:08,400] [views] [62] [INFO] [Create paginator]
[2022-10-14 07:05:09,675] [views] [62] [INFO] [Create paginator]
[2022-10-14 07:10:33,472] [views] [62] [INFO] [Create paginator]
[2022-10-14 07:19:09,317] [views] [62] [INFO] [Create paginator]
[2022-10-14 07:25:39,726] [views] [62] [INFO] [Create paginator]
[2022-10-14 07:25:42,038] [views] [62] [INFO] [Create paginator]
[2022-10-14 07:25:43,862] [views] [62] [INFO] [Create paginator]
[2022-10-14 07:25:54,223] [views] [62] [INFO] [Create paginator]
[2022-10-14 07:26:28,688] [views] [62] [INFO] [Create paginator]
[2022-10-14 07:27:17,748] [views] [62] [INFO] [Create paginator]
[2022-10-14 07:27:19,453] [views] [62] [INFO] [Create paginator]
[2022-10-14 07:27:20,624] [views] [62] [INFO] [Create paginator]
[2022-10-14 07:27:52,468] [views] [62] [INFO] [Create paginator]
[2022-10-14 07:27:53,757] [views] [62] [INFO] [Create paginator]
[2022-10-14 07:32:04,559] [views] [62] [INFO] [Create paginator]
[2022-10-14 07:32:14,626] [views] [62] [INFO] [Create paginator]
[2022-10-14 07:35:55,178] [views] [62] [INFO] [Create paginator]
[2022-10-14 07:36:00,224] [views] [62] [INFO] [Create paginator]
[2022-10-14 07:36:02,796] [views] [62] [INFO] [Create paginator]
[2022-10-14 07:36:04,103] [views] [62] [INFO] [Create paginator]
[2022-10-14 07:36:11,908] [views] [62] [INFO] [Create paginator]
[2022-10-14 07:36:13,815] [views] [62] [INFO] [Create paginator]
[2022-10-14 07:36:15,124] [views] [62] [INFO] [Create paginator]
[2022-10-14 07:36:15,834] [views] [62] [INFO] [Create paginator]
[2022-10-14 07:36:16,668] [views] [62] [INFO] [Create paginator]
[2022-10-14 07:36:17,084] [views] [62] [INFO] [Create paginator]
[2022-10-14 07:45:12,772] [views] [62] [INFO] [Create paginator]
[2022-10-14 07:46:16,204] [views] [62] [INFO] [Create paginator]
[2022-10-14 07:46:17,545] [views] [62] [INFO] [Create paginator]
[2022-10-14 07:47:20,644] [views] [62] [INFO] [Create paginator]
[2022-10-14 07:50:30,404] [views] [62] [INFO] [Create paginator]
[2022-10-14 07:50:31,297] [views] [62] [INFO] [Create paginator]
[2022-10-14 07:50:44,078] [views] [62] [INFO] [Create paginator]
[2022-10-14 07:50:45,375] [views] [62] [INFO] [Create paginator]
[2022-10-14 07:54:01,468] [views] [62] [INFO] [Create paginator]
[2022-10-14 07:54:04,421] [views] [62] [INFO] [Create paginator]
[2022-10-14 07:54:07,309] [views] [62] [INFO] [Create paginator]
[2022-10-14 08:05:07,213] [views] [62] [INFO] [Create paginator]
[2022-10-14 08:05:12,943] [views] [62] [INFO] [Create paginator]
[2022-10-14 08:05:14,255] [views] [62] [INFO] [Create paginator]
[2022-10-14 08:05:15,593] [views] [62] [INFO] [Create paginator]
[2022-10-14 08:05:17,142] [views] [62] [INFO] [Create paginator]
[2022-10-14 08:05:20,888] [views] [62] [INFO] [Create paginator]
[2022-10-14 08:05:23,054] [views] [62] [INFO] [Create paginator]
[2022-10-14 08:05:25,592] [views] [62] [INFO] [Create paginator]
[2022-10-14 08:05:27,641] [views] [62] [INFO] [Create paginator]
[2022-10-14 08:05:29,910] [views] [62] [INFO] [Create paginator]
[2022-10-14 08:05:38,333] [views] [62] [INFO] [Create paginator]
[2022-10-14 08:05:40,422] [views] [62] [INFO] [Create paginator]
[2022-10-14 08:05:41,200] [views] [62] [INFO] [Create paginator]
[2022-10-14 08:05:41,951] [views] [62] [INFO] [Create paginator]
[2022-10-14 08:06:54,034] [views] [62] [INFO] [Create paginator]
[2022-10-14 08:07:13,621] [views] [62] [INFO] [Create paginator]
[2022-10-14 08:16:29,387] [views] [62] [INFO] [Create paginator]
[2022-10-14 08:17:42,292] [views] [62] [INFO] [Create paginator]
[2022-10-14 08:18:35,812] [views] [62] [INFO] [Create paginator]
[2022-10-14 08:18:37,566] [views] [62] [INFO] [Create paginator]
[2022-10-14 08:18:45,072] [views] [62] [INFO] [Create paginator]
[2022-10-14 08:19:04,754] [views] [62] [INFO] [Create paginator]
[2022-10-14 08:19:09,085] [views] [62] [INFO] [Create paginator]
[2022-10-14 08:19:53,973] [views] [62] [INFO] [Create paginator]
[2022-10-14 08:20:02,231] [views] [62] [INFO] [Create paginator]
[2022-10-14 08:20:07,254] [views] [62] [INFO] [Create paginator]
[2022-10-14 08:20:09,450] [views] [62] [INFO] [Create paginator]
[2022-10-14 08:20:11,277] [views] [62] [INFO] [Create paginator]
[2022-10-14 08:20:12,682] [views] [62] [INFO] [Create paginator]
[2022-10-14 08:20:14,010] [views] [62] [INFO] [Create paginator]
[2022-10-14 08:20:15,596] [views] [62] [INFO] [Create paginator]
[2022-10-14 08:20:27,945] [views] [62] [INFO] [Create paginator]
[2022-10-14 08:20:35,733] [views] [62] [INFO] [Create paginator]
[2022-10-14 08:21:30,712] [views] [62] [INFO] [Create paginator]
[2022-10-14 08:21:44,735] [views] [62] [INFO] [Create paginator]
[2022-10-14 08:21:47,519] [views] [62] [INFO] [Create paginator]
[2022-10-14 08:21:48,144] [views] [62] [INFO] [Create paginator]
[2022-10-14 08:21:49,210] [views] [62] [INFO] [Create paginator]
[2022-10-14 08:22:20,908] [views] [62] [INFO] [Create paginator]
[2022-10-14 08:22:33,498] [views] [62] [INFO] [Create paginator]
[2022-10-14 08:22:41,591] [views] [62] [INFO] [Create paginator]
[2022-10-14 08:22:43,106] [views] [62] [INFO] [Create paginator]
[2022-10-14 08:22:49,021] [views] [62] [INFO] [Create paginator]
[2022-10-14 08:30:18,139] [views] [62] [INFO] [Create paginator]
[2022-10-14 08:32:10,479] [views] [62] [INFO] [Create paginator]
[2022-10-14 08:33:41,861] [views] [62] [INFO] [Create paginator]
[2022-10-14 08:40:19,152] [views] [62] [INFO] [Create paginator]
[2022-10-14 09:05:31,802] [tasks] [13] [INFO] [Send message: '{'user_id': 1, 'message': 'test_message_text'}']
[2022-10-14 09:12:04,458] [tasks] [13] [INFO] [Send message: '{'user_id': 1, 'message': 'test_message_text'}']
[2022-10-14 09:17:02,211] [views] [62] [INFO] [Create paginator]
[2022-10-14 09:18:25,828] [views] [62] [INFO] [Create paginator]
[2022-10-14 09:37:30,031] [views] [62] [INFO] [Create paginator]
[2022-10-14 09:40:20,935] [views] [62] [INFO] [Create paginator]
[2022-10-14 09:47:16,761] [views] [62] [INFO] [Create paginator]
[2022-10-14 09:47:18,364] [views] [62] [INFO] [Create paginator]
[2022-10-14 09:50:55,070] [views] [62] [INFO] [Create paginator]
[2022-10-14 09:50:58,069] [views] [62] [INFO] [Create paginator]
[2022-10-14 09:51:03,165] [views] [62] [INFO] [Create paginator]
[2022-10-14 09:52:36,557] [views] [62] [INFO] [Create paginator]
[2022-10-14 09:52:53,956] [views] [62] [INFO] [Create paginator]
[2022-10-14 09:53:22,232] [views] [62] [INFO] [Create paginator]
[2022-10-14 09:55:35,510] [views] [62] [INFO] [Create paginator]
[2022-10-14 09:55:41,894] [views] [62] [INFO] [Create paginator]
[2022-10-14 09:56:02,776] [views] [62] [INFO] [Create paginator]
[2022-10-14 10:03:14,452] [views] [62] [INFO] [Create paginator]
[2022-10-14 10:05:18,815] [views] [62] [INFO] [Create paginator]
[2022-10-14 10:09:53,744] [views] [62] [INFO] [Create paginator]
[2022-10-14 10:10:06,530] [views] [62] [INFO] [Create paginator]
[2022-10-14 10:13:30,639] [views] [62] [INFO] [Create paginator]
[2022-10-14 10:13:32,868] [views] [62] [INFO] [Create paginator]
[2022-10-14 10:13:50,191] [views] [62] [INFO] [Create paginator]
[2022-10-14 12:47:34,156] [views] [62] [INFO] [Create paginator]
[2022-10-14 12:47:35,400] [tasks] [13] [INFO] [Send message: '{'user_id': 1, 'message': 'test_message_text'}']
[2022-10-14 13:43:35,108] [views] [62] [INFO] [Create paginator]
[2022-10-14 13:44:07,941] [tasks] [13] [INFO] [Send message: '{'user_id': 1, 'message': 'test_message_text'}']
[2022-10-14 13:52:14,788] [tasks] [13] [INFO] [Send message: '{'user_id': 1, 'message': 'test_message_text'}']
[2022-10-14 13:52:30,244] [tasks] [13] [INFO] [Send message: '{'user_id': 1, 'message': 'test_message_text'}']
[2022-10-14 13:52:54,135] [views] [62] [INFO] [Create paginator]
[2022-10-14 13:52:56,551] [tasks] [13] [INFO] [Send message: '{'user_id': 1, 'message': 'test_message_text'}']
[2022-10-14 13:53:56,833] [views] [62] [INFO] [Create paginator]
[2022-10-14 13:53:59,084] [tasks] [13] [INFO] [Send message: '{'user_id': 1, 'message': 'test_message_text'}']
[2022-10-14 14:37:23,665] [views] [62] [INFO] [Create paginator]
[2022-10-14 14:37:59,739] [views] [62] [INFO] [Create paginator]
[2022-10-14 15:20:35,114] [tasks] [13] [INFO] [Send message: '{'user_id': 1, 'message': 'test_message_text'}']
[2022-10-14 15:24:10,172] [views] [62] [INFO] [Create paginator]
[2022-10-14 15:24:17,063] [views] [62] [INFO] [Create paginator]
[2022-10-14 15:43:41,101] [views] [63] [INFO] [Create paginator]
[2022-10-14 15:44:23,477] [views] [63] [INFO] [Create paginator]
[2022-10-14 15:45:51,556] [views] [63] [INFO] [Create paginator]
[2022-10-14 16:26:49,465] [views] [63] [INFO] [Create paginator]
[2022-10-14 17:34:54,903] [views] [63] [INFO] [Create paginator]
[2022-10-14 17:48:10,024] [views] [63] [INFO] [Create paginator]
[2022-10-14 17:54:21,165] [views] [63] [INFO] [Create paginator]
[2022-10-14 17:54:22,654] [views] [63] [INFO] [Create paginator]
[2022-10-14 17:55:33,210] [views] [63] [INFO] [Create paginator]
[2022-10-14 18:01:16,771] [views] [63] [INFO] [Create paginator]
[2022-10-14 18:01:28,676] [views] [63] [INFO] [Create paginator]
[2022-10-14 18:03:40,727] [views] [63] [INFO] [Create paginator]
[2022-10-14 18:04:51,881] [views] [63] [INFO] [Create paginator]
[2022-10-14 18:05:00,625] [views] [63] [INFO] [Create paginator]
[2022-10-14 18:05:02,802] [views] [63] [INFO] [Create paginator]
[2022-10-14 18:05:09,268] [views] [63] [INFO] [Create paginator]
[2022-10-14 18:05:10,177] [views] [63] [INFO] [Create paginator]
[2022-10-14 18:05:18,525] [views] [63] [INFO] [Create paginator]
[2022-10-14 18:05:24,678] [views] [63] [INFO] [Create paginator]
[2022-10-14 18:06:45,332] [views] [63] [INFO] [Create paginator]
[2022-10-14 19:44:40,465] [tasks] [13] [INFO] [Send message: '{'user_id': '6', 'message': 'eergwegrweg'}']
[2022-10-14 19:44:40,467] [tasks] [13] [INFO] [Send message: '{'user_id': '6', 'message': 'gfdsdgsdg'}']
[2022-10-14 19:44:40,467] [tasks] [13] [INFO] [Send message: '{'user_id': '1', 'message': 'ertyertyertyrety'}']
[2022-10-14 19:44:40,470] [tasks] [13] [INFO] [Send message: '{'user_id': '1', 'message': 'dfgsdgfsdg'}']
[2022-10-14 19:44:40,472] [tasks] [13] [INFO] [Send message: '{'user_id': '1', 'message': 'cvxzvasfa'}']
[2022-10-14 19:44:40,472] [tasks] [13] [INFO] [Send message: '{'user_id': '1', 'message': 'sfafdasfdasf'}']
[2022-10-14 19:44:40,474] [tasks] [13] [INFO] [Send message: '{'user_id': '1', 'message': 'sdfsafsaf'}']
[2022-10-14 19:46:00,483] [tasks] [13] [INFO] [Send message: '{'user_id': '1', 'message': 'egsdfgsdgs'}']
[2022-10-14 19:46:20,837] [tasks] [13] [INFO] [Send message: '{'user_id': '1', 'message': 'asdfasfafdasdf'}']
[2022-10-14 19:46:41,769] [views] [63] [INFO] [Create paginator]
[2022-10-14 19:46:43,008] [tasks] [13] [INFO] [Send message: '{'user_id': 1, 'message': 'test_message_text'}']
[2022-10-14 19:47:00,586] [views] [63] [INFO] [Create paginator]
[2022-10-14 19:47:22,043] [views] [63] [INFO] [Create paginator]
[2022-10-14 19:47:33,249] [views] [63] [INFO] [Create paginator]
[2022-10-14 19:47:43,139] [views] [63] [INFO] [Create paginator]
[2022-10-14 19:48:22,759] [views] [63] [INFO] [Create paginator]
[2022-10-14 19:48:35,180] [views] [63] [INFO] [Create paginator]
[2022-10-14 19:48:46,944] [views] [63] [INFO] [Create paginator]
[2022-10-14 19:56:08,384] [views] [63] [INFO] [Create paginator]
[2022-10-14 19:56:30,193] [views] [63] [INFO] [Create paginator]
[2022-10-14 19:56:31,424] [tasks] [13] [INFO] [Send message: '{'user_id': 1, 'message': 'test_message_text'}']
[2022-10-14 19:57:14,344] [views] [63] [INFO] [Create paginator]
[2022-10-14 19:57:29,362] [views] [63] [INFO] [Create paginator]
[2022-10-14 19:57:30,587] [tasks] [13] [INFO] [Send message: '{'user_id': 1, 'message': 'test_message_text_1'}']
[2022-10-14 19:58:43,403] [views] [63] [INFO] [Create paginator]
[2022-10-14 19:58:44,630] [tasks] [13] [INFO] [Send message: '{'user_id': 1, 'message': 'test_message_text_1'}']
[2022-10-14 20:00:34,839] [views] [63] [INFO] [Create paginator]
[2022-10-14 20:00:36,075] [tasks] [13] [INFO] [Send message: '{'user_id': 1, 'message': 'test_message_text_1'}']
[2022-10-14 20:06:33,845] [views] [63] [INFO] [Create paginator]
[2022-10-14 20:06:35,077] [tasks] [13] [INFO] [Send message: '{'user_id': 1, 'message': 'test_message_text_1'}']
[2022-10-14 20:13:02,244] [views] [63] [INFO] [Create paginator]
[2022-10-14 20:13:03,487] [tasks] [13] [INFO] [Send message: '{'user_id': 1, 'message': 'ввыв'}']
[2022-10-14 20:13:19,104] [views] [63] [INFO] [Create paginator]
[2022-10-14 20:13:20,357] [tasks] [13] [INFO] [Send message: '{'user_id': 2, 'message': 'ввыв'}']
[2022-10-14 20:14:50,771] [tasks] [13] [INFO] [Send message: '{'user_id': '1', 'message': 'ыфваыфавыф'}']
[2022-10-14 20:15:10,521] [views] [63] [INFO] [Create paginator]
[2022-10-14 20:15:11,763] [tasks] [13] [INFO] [Send message: '{'user_id': 1, 'message': 'test_message_text_1'}']
[2022-10-14 20:18:58,011] [views] [63] [INFO] [Create paginator]
[2022-10-14 20:18:59,265] [tasks] [13] [INFO] [Send message: '{'user_id': 1, 'message': 'test_message_text_1'}']
[2022-10-14 20:20:01,645] [views] [63] [INFO] [Create paginator]
[2022-10-14 20:20:03,007] [tasks] [13] [INFO] [Send message: '{'user_id': 1, 'message': 'test_message_text_1'}']
[2022-10-14 20:24:49,625] [tasks] [13] [INFO] [Send message: '{'user_id': '1', 'message': 'asdfasfdasfasdfasfdasdf'}']
[2022-10-14 20:29:02,484] [views] [63] [INFO] [Create paginator]
[2022-10-14 20:29:03,771] [tasks] [13] [INFO] [Send message: '{'user_id': 1, 'message': 'test_message_text_1'}']
[2022-10-14 20:33:35,726] [views] [63] [INFO] [Create paginator]
[2022-10-14 20:33:37,031] [tasks] [13] [INFO] [Send message: '{'user_id': 1, 'message': 'test_message_text_1'}']
[2022-10-14 20:36:59,339] [views] [63] [INFO] [Create paginator]
[2022-10-14 20:37:00,733] [tasks] [13] [INFO] [Send message: '{'user_id': 1, 'message': 'test_message_text_1'}']
[2022-10-14 20:37:29,876] [views] [63] [INFO] [Create paginator]
[2022-10-14 20:38:02,452] [views] [63] [INFO] [Create paginator]
[2022-10-14 20:38:41,886] [views] [63] [INFO] [Create paginator]
[2022-10-14 20:39:09,583] [views] [63] [INFO] [Create paginator]
[2022-10-14 20:44:08,827] [views] [63] [INFO] [Create paginator]
[2022-10-15 07:49:44,938] [views] [63] [INFO] [Create paginator]
[2022-10-15 08:10:20,117] [views] [63] [INFO] [Create paginator]
[2022-10-15 08:13:01,755] [views] [63] [INFO] [Create paginator]
[2022-10-15 09:28:35,127] [views] [63] [INFO] [Create paginator]
[2022-10-15 09:32:09,660] [views] [63] [INFO] [Create paginator]
[2022-10-15 09:33:10,236] [views] [63] [INFO] [Create paginator]
[2022-10-15 09:34:29,575] [views] [63] [INFO] [Create paginator]
[2022-10-15 09:36:48,347] [views] [63] [INFO] [Create paginator]
[2022-10-15 09:51:46,406] [views] [63] [INFO] [Create paginator]
[2022-10-15 09:52:14,053] [views] [63] [INFO] [Create paginator]
[2022-10-15 10:01:38,925] [views] [63] [INFO] [Create paginator]
[2022-10-15 10:03:56,613] [views] [63] [INFO] [Create paginator]
[2022-10-15 10:06:27,591] [views] [63] [INFO] [Create paginator]
[2022-10-15 10:09:06,903] [views] [63] [INFO] [Create paginator]
[2022-10-15 10:09:36,910] [views] [63] [INFO] [Create paginator]
[2022-10-15 10:09:56,370] [views] [63] [INFO] [Create paginator]
[2022-10-15 10:44:37,012] [views] [63] [INFO] [Create paginator]
[2022-10-15 10:52:56,425] [views] [63] [INFO] [Create paginator]
[2022-10-15 10:53:33,357] [views] [63] [INFO] [Create paginator]
[2022-10-15 10:53:34,083] [views] [63] [INFO] [Create paginator]
[2022-10-15 10:53:51,627] [views] [63] [INFO] [Create paginator]
[2022-10-15 11:02:02,051] [views] [63] [INFO] [Create paginator]
[2022-10-15 11:02:46,533] [views] [63] [INFO] [Create paginator]
[2022-10-15 11:03:14,053] [views] [63] [INFO] [Create paginator]
