Content-Type: text/plain; charset="utf-8"
MIME-Version: 1.0
Content-Transfer-Encoding: 7bit
Subject: TechSupport Help
From: wheelside@mail.ru
To: kurashevmichael@gmail.com
Date: Fri, 14 Oct 2022 19:44:40 -0000
Message-ID: <166577668047.320582.16481794708008414075@michaelComputer>

ertyertyertyrety
-------------------------------------------------------------------------------
Content-Type: text/plain; charset="utf-8"
MIME-Version: 1.0
Content-Transfer-Encoding: 7bit
Subject: TechSupport Help
From: wheelside@mail.ru
To: kurashevmichael@gmail.com
Date: Fri, 14 Oct 2022 19:44:40 -0000
Message-ID: <166577668047.320590.3160677344798713600@michaelComputer>

dfgsdgfsdg
-------------------------------------------------------------------------------
Content-Type: text/plain; charset="utf-8"
MIME-Version: 1.0
Content-Transfer-Encoding: 7bit
Subject: TechSupport Help
From: wheelside@mail.ru
To: kurashevmichael@gmail.com
Date: Fri, 14 Oct 2022 19:44:40 -0000
Message-ID: <166577668048.320583.6398216409003510441@michaelComputer>

sfafdasfdasf
-------------------------------------------------------------------------------
Content-Type: text/plain; charset="utf-8"
MIME-Version: 1.0
Content-Transfer-Encoding: 7bit
Subject: TechSupport Help
From: wheelside@mail.ru
To: kurashevmichael@gmail.com
Date: Fri, 14 Oct 2022 19:44:40 -0000
Message-ID: <166577668048.320591.12403960616659083540@michaelComputer>

cvxzvasfa
-------------------------------------------------------------------------------
Content-Type: text/plain; charset="utf-8"
MIME-Version: 1.0
Content-Transfer-Encoding: 7bit
Subject: TechSupport Help
From: wheelside@mail.ru
To: kurashevmichael@gmail.com
Date: Fri, 14 Oct 2022 19:44:40 -0000
Message-ID: <166577668048.320584.1201066801336776362@michaelComputer>

sdfsafsaf
-------------------------------------------------------------------------------
