Content-Type: text/plain; charset="utf-8"
MIME-Version: 1.0
Content-Transfer-Encoding: 7bit
Subject: TechSupport Help
From: webmaster@localhost
To: kurashevmichael@gmail.com
Date: Fri, 07 Oct 2022 20:48:15 -0000
Message-ID: <166517569535.29130.6514150733944344173@michaelComputer>

sdfafdda
-------------------------------------------------------------------------------
Content-Type: text/plain; charset="utf-8"
MIME-Version: 1.0
Content-Transfer-Encoding: 8bit
Subject: TechSupport Help
From: vladislav@mail.ru
To: kurashevmichael@gmail.com
Date: Fri, 07 Oct 2022 20:48:15 -0000
Message-ID: <166517569535.29129.1098065985270958342@michaelComputer>

ывафывафыва
-------------------------------------------------------------------------------
Content-Type: text/plain; charset="utf-8"
MIME-Version: 1.0
Content-Transfer-Encoding: 7bit
Subject: TechSupport Help
From: vladislav@mail.ru
To: kurashevmichael@gmail.com
Date: Fri, 07 Oct 2022 20:48:15 -0000
Message-ID: <166517569535.29123.4322237294421097500@michaelComputer>

dsfasdfsa
-------------------------------------------------------------------------------
